c:\projects\cpp\3divi\3divi\debug\vc140.pdb
c:\projects\cpp\3divi\3divi\debug\vc140.idb
c:\projects\cpp\3divi\3divi\debug\bitmap.obj
c:\projects\cpp\3divi\3divi\debug\line.obj
c:\projects\cpp\3divi\3divi\debug\main.obj
c:\projects\cpp\3divi\3divi\debug\mathextention.obj
c:\projects\cpp\3divi\3divi\debug\point.obj
c:\projects\cpp\3divi\3divi\debug\triangle.obj
c:\projects\cpp\3divi\3divi\debug\wudrawer.obj
c:\projects\cpp\3divi\debug\3divi.pdb
c:\projects\cpp\3divi\3divi\debug\3divi.tlog\cl.command.1.tlog
c:\projects\cpp\3divi\3divi\debug\3divi.tlog\cl.read.1.tlog
c:\projects\cpp\3divi\3divi\debug\3divi.tlog\cl.write.1.tlog
c:\projects\cpp\3divi\3divi\debug\3divi.tlog\link-cvtres.read.1.tlog
c:\projects\cpp\3divi\3divi\debug\3divi.tlog\link-cvtres.write.1.tlog
c:\projects\cpp\3divi\3divi\debug\3divi.tlog\link-rc.read.1.tlog
c:\projects\cpp\3divi\3divi\debug\3divi.tlog\link-rc.write.1.tlog
c:\projects\cpp\3divi\3divi\debug\3divi.tlog\link.command.1.tlog
c:\projects\cpp\3divi\3divi\debug\3divi.tlog\link.read.1.tlog
c:\projects\cpp\3divi\3divi\debug\3divi.tlog\link.write.1.tlog
